  Buyer.cpp
  main.cpp
  Product.cpp
  User.cpp
  Compiling...
  Generating Code...
  
  Searching libraries
      Searching C:\Program Files (x86)\Windows Kits\10\lib\10.0.18362.0\um\x86\kernel32.lib:
      Searching C:\Program Files (x86)\Windows Kits\10\lib\10.0.18362.0\um\x86\user32.lib:
      Searching C:\Program Files (x86)\Windows Kits\10\lib\10.0.18362.0\um\x86\gdi32.lib:
      Searching C:\Program Files (x86)\Windows Kits\10\lib\10.0.18362.0\um\x86\winspool.lib:
      Searching C:\Program Files (x86)\Windows Kits\10\lib\10.0.18362.0\um\x86\comdlg32.lib:
      Searching C:\Program Files (x86)\Windows Kits\10\lib\10.0.18362.0\um\x86\advapi32.lib:
      Searching C:\Program Files (x86)\Windows Kits\10\lib\10.0.18362.0\um\x86\shell32.lib:
      Searching C:\Program Files (x86)\Windows Kits\10\lib\10.0.18362.0\um\x86\ole32.lib:
      Searching C:\Program Files (x86)\Windows Kits\10\lib\10.0.18362.0\um\x86\oleaut32.lib:
      Searching C:\Program Files (x86)\Windows Kits\10\lib\10.0.18362.0\um\x86\uuid.lib:
      Searching C:\Program Files (x86)\Windows Kits\10\lib\10.0.18362.0\um\x86\odbc32.lib:
      Searching C:\Program Files (x86)\Windows Kits\10\lib\10.0.18362.0\um\x86\odbccp32.lib:
      Searching J:\Microsoft Visual Studio\2019\Community\VC\Tools\MSVC\14.27.29110\lib\x86\msvcprtd.lib:
      Searching J:\Microsoft Visual Studio\2019\Community\VC\Tools\MSVC\14.27.29110\lib\x86\MSVCRTD.lib:
      Searching J:\Microsoft Visual Studio\2019\Community\VC\Tools\MSVC\14.27.29110\lib\x86\OLDNAMES.lib:
      Searching J:\Microsoft Visual Studio\2019\Community\VC\Tools\MSVC\14.27.29110\lib\x86\vcruntimed.lib:
      Searching C:\Program Files (x86)\Windows Kits\10\lib\10.0.18362.0\ucrt\x86\ucrtd.lib:
      Searching C:\Program Files (x86)\Windows Kits\10\lib\10.0.18362.0\um\x86\kernel32.lib:
      Searching C:\Program Files (x86)\Windows Kits\10\lib\10.0.18362.0\um\x86\user32.lib:
      Searching C:\Program Files (x86)\Windows Kits\10\lib\10.0.18362.0\um\x86\gdi32.lib:
      Searching C:\Program Files (x86)\Windows Kits\10\lib\10.0.18362.0\um\x86\winspool.lib:
      Searching C:\Program Files (x86)\Windows Kits\10\lib\10.0.18362.0\um\x86\comdlg32.lib:
      Searching C:\Program Files (x86)\Windows Kits\10\lib\10.0.18362.0\um\x86\advapi32.lib:
      Searching C:\Program Files (x86)\Windows Kits\10\lib\10.0.18362.0\um\x86\shell32.lib:
      Searching C:\Program Files (x86)\Windows Kits\10\lib\10.0.18362.0\um\x86\ole32.lib:
      Searching C:\Program Files (x86)\Windows Kits\10\lib\10.0.18362.0\um\x86\oleaut32.lib:
      Searching C:\Program Files (x86)\Windows Kits\10\lib\10.0.18362.0\um\x86\uuid.lib:
      Searching C:\Program Files (x86)\Windows Kits\10\lib\10.0.18362.0\um\x86\odbc32.lib:
      Searching C:\Program Files (x86)\Windows Kits\10\lib\10.0.18362.0\um\x86\odbccp32.lib:
      Searching J:\Microsoft Visual Studio\2019\Community\VC\Tools\MSVC\14.27.29110\lib\x86\msvcprtd.lib:
      Searching J:\Microsoft Visual Studio\2019\Community\VC\Tools\MSVC\14.27.29110\lib\x86\MSVCRTD.lib:
      Searching J:\Microsoft Visual Studio\2019\Community\VC\Tools\MSVC\14.27.29110\lib\x86\OLDNAMES.lib:
      Searching J:\Microsoft Visual Studio\2019\Community\VC\Tools\MSVC\14.27.29110\lib\x86\vcruntimed.lib:
      Searching C:\Program Files (x86)\Windows Kits\10\lib\10.0.18362.0\ucrt\x86\ucrtd.lib:
  
  Finished searching libraries
  
  Searching libraries
      Searching C:\Program Files (x86)\Windows Kits\10\lib\10.0.18362.0\um\x86\kernel32.lib:
      Searching C:\Program Files (x86)\Windows Kits\10\lib\10.0.18362.0\um\x86\user32.lib:
      Searching C:\Program Files (x86)\Windows Kits\10\lib\10.0.18362.0\um\x86\gdi32.lib:
      Searching C:\Program Files (x86)\Windows Kits\10\lib\10.0.18362.0\um\x86\winspool.lib:
      Searching C:\Program Files (x86)\Windows Kits\10\lib\10.0.18362.0\um\x86\comdlg32.lib:
      Searching C:\Program Files (x86)\Windows Kits\10\lib\10.0.18362.0\um\x86\advapi32.lib:
      Searching C:\Program Files (x86)\Windows Kits\10\lib\10.0.18362.0\um\x86\shell32.lib:
      Searching C:\Program Files (x86)\Windows Kits\10\lib\10.0.18362.0\um\x86\ole32.lib:
      Searching C:\Program Files (x86)\Windows Kits\10\lib\10.0.18362.0\um\x86\oleaut32.lib:
      Searching C:\Program Files (x86)\Windows Kits\10\lib\10.0.18362.0\um\x86\uuid.lib:
      Searching C:\Program Files (x86)\Windows Kits\10\lib\10.0.18362.0\um\x86\odbc32.lib:
      Searching C:\Program Files (x86)\Windows Kits\10\lib\10.0.18362.0\um\x86\odbccp32.lib:
      Searching J:\Microsoft Visual Studio\2019\Community\VC\Tools\MSVC\14.27.29110\lib\x86\msvcprtd.lib:
      Searching J:\Microsoft Visual Studio\2019\Community\VC\Tools\MSVC\14.27.29110\lib\x86\MSVCRTD.lib:
      Searching J:\Microsoft Visual Studio\2019\Community\VC\Tools\MSVC\14.27.29110\lib\x86\OLDNAMES.lib:
      Searching J:\Microsoft Visual Studio\2019\Community\VC\Tools\MSVC\14.27.29110\lib\x86\vcruntimed.lib:
      Searching C:\Program Files (x86)\Windows Kits\10\lib\10.0.18362.0\ucrt\x86\ucrtd.lib:
  
  Finished searching libraries
  
  Searching libraries
      Searching C:\Program Files (x86)\Windows Kits\10\lib\10.0.18362.0\um\x86\kernel32.lib:
      Searching C:\Program Files (x86)\Windows Kits\10\lib\10.0.18362.0\um\x86\user32.lib:
      Searching C:\Program Files (x86)\Windows Kits\10\lib\10.0.18362.0\um\x86\gdi32.lib:
      Searching C:\Program Files (x86)\Windows Kits\10\lib\10.0.18362.0\um\x86\winspool.lib:
      Searching C:\Program Files (x86)\Windows Kits\10\lib\10.0.18362.0\um\x86\comdlg32.lib:
      Searching C:\Program Files (x86)\Windows Kits\10\lib\10.0.18362.0\um\x86\advapi32.lib:
      Searching C:\Program Files (x86)\Windows Kits\10\lib\10.0.18362.0\um\x86\shell32.lib:
      Searching C:\Program Files (x86)\Windows Kits\10\lib\10.0.18362.0\um\x86\ole32.lib:
      Searching C:\Program Files (x86)\Windows Kits\10\lib\10.0.18362.0\um\x86\oleaut32.lib:
      Searching C:\Program Files (x86)\Windows Kits\10\lib\10.0.18362.0\um\x86\uuid.lib:
      Searching C:\Program Files (x86)\Windows Kits\10\lib\10.0.18362.0\um\x86\odbc32.lib:
      Searching C:\Program Files (x86)\Windows Kits\10\lib\10.0.18362.0\um\x86\odbccp32.lib:
      Searching J:\Microsoft Visual Studio\2019\Community\VC\Tools\MSVC\14.27.29110\lib\x86\msvcprtd.lib:
      Searching J:\Microsoft Visual Studio\2019\Community\VC\Tools\MSVC\14.27.29110\lib\x86\MSVCRTD.lib:
  
  Finished searching libraries
  shopping-website.vcxproj -> J:\Git\shopping-website\Debug\exe\shopping-website.exe
